<?xml version="1.0" encoding="UTF-8"?>
<!-- Generated by org.testng.reporters.JUnitXMLReporter -->
<testsuite hostname="BANL11b18a2d9.local" name="Default test" tests="5" failures="0" timestamp="30 Jul 2015 10:12:02 GMT" time="0.037" errors="0">
  <testcase name="testStringPermutationsEmptyStringPositive" time="0.014" classname="com.intuit.sample.project.PermutationTest"/>
  <testcase name="testStringPermutationsNullStringNegative" time="0.001" classname="com.intuit.sample.project.PermutationTest"/>
  <testcase name="testStringPermutationsSampleStringAllRepeatedCharsPositive" time="0.0" classname="com.intuit.sample.project.PermutationTest"/>
  <testcase name="testStringPermutationsSampleStringOfLenghtOnePositive" time="0.001" classname="com.intuit.sample.project.PermutationTest"/>
  <testcase name="testStringPermutationsSampleStringPositive" time="0.001" classname="com.intuit.sample.project.PermutationTest"/>
</testsuite> <!-- Default test -->
